<?xml version="1.0" encoding="UTF-8"?>
<!-- Generated by org.testng.reporters.JUnitXMLReporter -->
<testsuite ignored="0" hostname="LAPTOP-IOIQTDLN" failures="0" tests="4" name="Default test" time="85.136" errors="0" timestamp="2022-06-30T09:22:19 IST">
  <testcase classname="com.qa.testLayer.HomepageTest" name="VerifyDiv" time="9.266"/>
  <testcase classname="com.qa.testLayer.HomepageTest" name="VerifyMultiplication" time="9.161"/>
  <testcase classname="com.qa.testLayer.HomepageTest" name="verifyadd" time="9.745"/>
  <testcase classname="com.qa.testLayer.HomepageTest" name="verifysub" time="10.049"/>
</testsuite> <!-- Default test -->
