<?xml version="1.0" encoding="UTF-8"?>
<testng-results ignored="0" total="4" passed="4" failed="0" skipped="0">
  <reporter-output>
  </reporter-output>
  <suite started-at="2022-06-30T09:20:54 IST" name="Default suite" finished-at="2022-06-30T09:22:19 IST" duration-ms="85136">
    <groups>
    </groups>
    <test started-at="2022-06-30T09:20:54 IST" name="Default test" finished-at="2022-06-30T09:22:19 IST" duration-ms="85136">
      <class name="com.qa.testLayer.HomepageTest">
        <test-method is-config="true" signature="start()[pri:0, instance:com.qa.testLayer.HomepageTest@384ad17b]" started-at="2022-06-30T09:20:54 IST" name="start" finished-at="2022-06-30T09:21:22 IST" duration-ms="28228" status="PASS">
          <reporter-output>
          </reporter-output>
        </test-method> <!-- start -->
        <test-method signature="VerifyDiv()[pri:0, instance:com.qa.testLayer.HomepageTest@384ad17b]" started-at="2022-06-30T09:21:22 IST" name="VerifyDiv" finished-at="2022-06-30T09:21:31 IST" duration-ms="9266" status="PASS">
          <reporter-output>
          </reporter-output>
        </test-method> <!-- VerifyDiv -->
        <test-method is-config="true" signature="teardown()[pri:0, instance:com.qa.testLayer.HomepageTest@384ad17b]" started-at="2022-06-30T09:21:31 IST" name="teardown" finished-at="2022-06-30T09:21:32 IST" duration-ms="391" status="PASS">
          <reporter-output>
          </reporter-output>
        </test-method> <!-- teardown -->
        <test-method is-config="true" signature="start()[pri:0, instance:com.qa.testLayer.HomepageTest@384ad17b]" started-at="2022-06-30T09:21:32 IST" name="start" finished-at="2022-06-30T09:21:36 IST" duration-ms="4694" status="PASS">
          <reporter-output>
          </reporter-output>
        </test-method> <!-- start -->
        <test-method signature="VerifyMultiplication()[pri:0, instance:com.qa.testLayer.HomepageTest@384ad17b]" started-at="2022-06-30T09:21:36 IST" name="VerifyMultiplication" finished-at="2022-06-30T09:21:45 IST" duration-ms="9161" status="PASS">
          <reporter-output>
          </reporter-output>
        </test-method> <!-- VerifyMultiplication -->
        <test-method is-config="true" signature="teardown()[pri:0, instance:com.qa.testLayer.HomepageTest@384ad17b]" started-at="2022-06-30T09:21:45 IST" name="teardown" finished-at="2022-06-30T09:21:46 IST" duration-ms="232" status="PASS">
          <reporter-output>
          </reporter-output>
        </test-method> <!-- teardown -->
        <test-method is-config="true" signature="start()[pri:0, instance:com.qa.testLayer.HomepageTest@384ad17b]" started-at="2022-06-30T09:21:46 IST" name="start" finished-at="2022-06-30T09:21:54 IST" duration-ms="7902" status="PASS">
          <reporter-output>
          </reporter-output>
        </test-method> <!-- start -->
        <test-method signature="verifyadd()[pri:0, instance:com.qa.testLayer.HomepageTest@384ad17b]" started-at="2022-06-30T09:21:54 IST" name="verifyadd" finished-at="2022-06-30T09:22:03 IST" duration-ms="9745" status="PASS">
          <reporter-output>
          </reporter-output>
        </test-method> <!-- verifyadd -->
        <test-method is-config="true" signature="teardown()[pri:0, instance:com.qa.testLayer.HomepageTest@384ad17b]" started-at="2022-06-30T09:22:03 IST" name="teardown" finished-at="2022-06-30T09:22:04 IST" duration-ms="275" status="PASS">
          <reporter-output>
          </reporter-output>
        </test-method> <!-- teardown -->
        <test-method is-config="true" signature="start()[pri:0, instance:com.qa.testLayer.HomepageTest@384ad17b]" started-at="2022-06-30T09:22:04 IST" name="start" finished-at="2022-06-30T09:22:08 IST" duration-ms="4851" status="PASS">
          <reporter-output>
          </reporter-output>
        </test-method> <!-- start -->
        <test-method signature="verifysub()[pri:0, instance:com.qa.testLayer.HomepageTest@384ad17b]" started-at="2022-06-30T09:22:08 IST" name="verifysub" finished-at="2022-06-30T09:22:18 IST" duration-ms="10049" status="PASS">
          <reporter-output>
          </reporter-output>
        </test-method> <!-- verifysub -->
        <test-method is-config="true" signature="teardown()[pri:0, instance:com.qa.testLayer.HomepageTest@384ad17b]" started-at="2022-06-30T09:22:18 IST" name="teardown" finished-at="2022-06-30T09:22:19 IST" duration-ms="278" status="PASS">
          <reporter-output>
          </reporter-output>
        </test-method> <!-- teardown -->
      </class> <!-- com.qa.testLayer.HomepageTest -->
    </test> <!-- Default test -->
  </suite> <!-- Default suite -->
</testng-results>
